<?xml version="1.0" encoding="UTF-8"?>
<testsuites name="jest tests" tests="6" failures="0" errors="0" time="2.02">
  <testsuite name="Footer" errors="0" failures="0" skipped="0" timestamp="2023-10-14T09:39:37" time="1.097" tests="2">
    <testcase classname="Footer" name="should render the People Icon and link" time="0.025">
    </testcase>
    <testcase classname="Footer" name="should render copyright" time="0.004">
    </testcase>
  </testsuite>
  <testsuite name="ArticleCard Component" errors="0" failures="0" skipped="0" timestamp="2023-10-14T09:39:37" time="1.34" tests="2">
    <testcase classname="ArticleCard Component" name="should render the article title and description" time="0.094">
    </testcase>
    <testcase classname="ArticleCard Component" name="should render the `GAMING` and `WOW` buttons" time="0.007">
    </testcase>
  </testsuite>
  <testsuite name="Header" errors="0" failures="0" skipped="0" timestamp="2023-10-14T09:39:37" time="1.524" tests="2">
    <testcase classname="Header" name="should render the menu icon and navigation on the `sm` breakpoint" time="0.162">
    </testcase>
    <testcase classname="Header" name="should render the navigation items on the `md` breakpoint" time="0.009">
    </testcase>
  </testsuite>
</testsuites>